Flutter crash report.
Please report a bug at https://github.com/flutter/flutter/issues.

## command

flutter --no-color pub get

## exception

PathExistsException: PathExistsException: Cannot create link, path = '/Users/iniad/AndroidStudioProjects/3_g14_t1_2023/windows/flutter/ephemeral/.plugin_symlinks/rive_common' (OS Error: File exists, errno = 17)

```
#0      _Link.throwIfError (dart:io/link.dart:254:7)
#1      _Link.createSync (dart:io/link.dart:182:5)
#2      ForwardingLink.createSync (package:file/src/forwarding/forwarding_link.dart:20:16)
#3      ForwardingLink.createSync (package:file/src/forwarding/forwarding_link.dart:20:16)
#4      _createPlatformPluginSymlinks (package:flutter_tools/src/flutter_plugins.dart:1055:12)
#5      createPluginSymlinks (package:flutter_tools/src/flutter_plugins.dart:985:5)
#6      refreshPluginsList (package:flutter_tools/src/flutter_plugins.dart:1087:5)
<asynchronous suspension>
#7      FlutterProject.ensureReadyForPlatformSpecificTooling (package:flutter_tools/src/project.dart:357:5)
<asynchronous suspension>
#8      PackagesGetCommand.runCommand (package:flutter_tools/src/commands/packages.dart:337:7)
<asynchronous suspension>
#9      FlutterCommand.run.<anonymous closure> (package:flutter_tools/src/runner/flutter_command.dart:1297:27)
<asynchronous suspension>
#10     AppContext.run.<anonymous closure> (package:flutter_tools/src/base/context.dart:150:19)
<asynchronous suspension>
#11     CommandRunner.runCommand (package:args/command_runner.dart:212:13)
<asynchronous suspension>
#12     FlutterCommandRunner.runCommand.<anonymous closure> (package:flutter_tools/src/runner/flutter_command_runner.dart:339:9)
<asynchronous suspension>
#13     AppContext.run.<anonymous closure> (package:flutter_tools/src/base/context.dart:150:19)
<asynchronous suspension>
#14     FlutterCommandRunner.runCommand (package:flutter_tools/src/runner/flutter_command_runner.dart:285:5)
<asynchronous suspension>
#15     run.<anonymous closure>.<anonymous closure> (package:flutter_tools/runner.dart:115:9)
<asynchronous suspension>
#16     AppContext.run.<anonymous closure> (package:flutter_tools/src/base/context.dart:150:19)
<asynchronous suspension>
#17     main (package:flutter_tools/executable.dart:90:3)
<asynchronous suspension>
```

## flutter doctor

```
[✓] Flutter (Channel stable, 3.13.9, on macOS 14.1.2 23B92 darwin-arm64, locale ja-JP)
    • Flutter version 3.13.9 on channel stable at /Users/iniad/Developer/flutter
    • Upstream repository https://github.com/flutter/flutter.git
    • Framework revision d211f42860 (5 weeks ago), 2023-10-25 13:42:25 -0700
    • Engine revision 0545f8705d
    • Dart version 3.1.5
    • DevTools version 2.25.0

[✓] Android toolchain - develop for Android devices (Android SDK version 34.0.0)
    • Android SDK at /Users/iniad/Library/Android/sdk
    • Platform android-34, build-tools 34.0.0
    • Java binary at: /Applications/Android Studio.app/Contents/jbr/Contents/Home/bin/java
    • Java version OpenJDK Runtime Environment (build 17.0.6+0-17.0.6b802.4-9586694)
    • All Android licenses accepted.

[✓] Xcode - develop for iOS and macOS (Xcode 15.0.1)
    • Xcode at /Applications/Xcode.app/Contents/Developer
    • Build 15A507
    • CocoaPods version 1.13.0

[✓] Chrome - develop for the web
    • Chrome at /Applications/Google Chrome.app/Contents/MacOS/Google Chrome

[✓] Android Studio (version 2022.2)
    • Android Studio at /Applications/Android Studio.app/Contents
    • Flutter plugin can be installed from:
      🔨 https://plugins.jetbrains.com/plugin/9212-flutter
    • Dart plugin can be installed from:
      🔨 https://plugins.jetbrains.com/plugin/6351-dart
    • Java version OpenJDK Runtime Environment (build 17.0.6+0-17.0.6b802.4-9586694)

[✓] VS Code (version 1.84.2)
    • VS Code at /Users/iniad/Downloads/Visual Studio Code.app/Contents
    • Flutter extension version 3.76.0

[✓] Connected device (4 available)
    • sdk gphone64 arm64 (mobile) • emulator-5554             • android-arm64  • Android 14 (API 34) (emulator)
    • iphone 12 Pro  (mobile)     • 00008101-000565122E51001E • ios            • iOS 17.1.2 21B101
    • macOS (desktop)             • macos                     • darwin-arm64   • macOS 14.1.2 23B92 darwin-arm64
    • Chrome (web)                • chrome                    • web-javascript • Google Chrome 119.0.6045.199

[✓] Network resources
    • All expected network resources are available.

• No issues found!
```
